#
# There is insufficient memory for the Java Runtime Environment to continue.
# Native memory allocation (mmap) failed to map 65536 bytes for Failed to commit metaspace.
# Possible reasons:
#   The system is out of physical RAM or swap space
#   The process is running with CompressedOops enabled, and the Java Heap may be blocking the growth of the native heap
# Possible solutions:
#   Reduce memory load on the system
#   Increase physical memory or swap space
#   Check if swap backing store is full
#   Decrease Java heap size (-Xmx/-Xms)
#   Decrease number of Java threads
#   Decrease Java thread stack sizes (-Xss)
#   Set larger code cache with -XX:ReservedCodeCacheSize=
#   JVM is running with Unscaled Compressed Oops mode in which the Java heap is
#     placed in the first 4GB address space. The Java Heap base address is the
#     maximum limit for the native heap growth. Please use -XX:HeapBaseMinAddress
#     to set the Java Heap base and to place the Java Heap above 4GB virtual address.
# This output file may be truncated or incomplete.
#
#  Out of Memory Error (virtualSpaceNode.cpp:110), pid=26888, tid=27064
#
# JRE version: Java(TM) SE Runtime Environment (20.0.1+9) (build 20.0.1+9-29)
# Java VM: Java HotSpot(TM) 64-Bit Server VM (20.0.1+9-29, mixed mode, sharing, tiered, compressed oops, compressed class ptrs, g1 gc, windows-amd64)
# No core dump will be written. Minidumps are not enabled by default on client versions of Windows
#

---------------  S U M M A R Y ------------

Command Line: -Dfile.encoding=UTF-8 -XX:+ShowCodeDetailsInExceptionMessages MyFrame

Host: 11th Gen Intel(R) Core(TM) i5-1135G7 @ 2.40GHz, 8 cores, 7G,  Windows 11 , 64 bit Build 22621 (10.0.22621.1778)
Time: Wed Jun  7 14:29:23 2023 Eastern Daylight Time elapsed time: 0.126385 seconds (0d 0h 0m 0s)

---------------  T H R E A D  ---------------

Current thread (0x000001be11ac6370):  JavaThread "main" [_thread_in_vm, id=27064, stack(0x00000077ddf00000,0x00000077de000000)]

Stack: [0x00000077ddf00000,0x00000077de000000]
Native frames: (J=compiled Java code, j=interpreted, Vv=VM code, C=native code)
V  [jvm.dll+0x6bb95a]
V  [jvm.dll+0x8485fa]
V  [jvm.dll+0x84a1f5]
V  [jvm.dll+0x84a8f3]
V  [jvm.dll+0x280b0f]
V  [jvm.dll+0x84453b]
V  [jvm.dll+0x65fd86]
V  [jvm.dll+0x65fdea]
V  [jvm.dll+0x6626c3]
V  [jvm.dll+0x66258e]
V  [jvm.dll+0x66079e]
V  [jvm.dll+0x27df7c]
V  [jvm.dll+0x7107ed]
V  [jvm.dll+0x7112ef]
V  [jvm.dll+0x3c8207]
V  [jvm.dll+0x3c72a7]
V  [jvm.dll+0x3c7248]
V  [jvm.dll+0x3d853a]
C  0x000001be210e015f

Java frames: (J=compiled Java code, j=interpreted, Vv=VM code)
j  sun.java2d.SurfaceData.<clinit>()V+445 java.desktop@20.0.1
v  ~StubRoutines::call_stub 0x000001be210b10e7
j  sun.awt.windows.WToolkit.initIDs()V+0 java.desktop@20.0.1
j  sun.awt.windows.WToolkit.<clinit>()V+20 java.desktop@20.0.1
v  ~StubRoutines::call_stub 0x000001be210b10e7
j  sun.awt.PlatformGraphicsInfo.createToolkit()Ljava/awt/Toolkit;+0 java.desktop@20.0.1
j  java.awt.Toolkit.getDefaultToolkit()Ljava/awt/Toolkit;+6 java.desktop@20.0.1
j  java.awt.Toolkit.getEventQueue()Ljava/awt/EventQueue;+0 java.desktop@20.0.1
j  java.awt.EventQueue.invokeLater(Ljava/lang/Runnable;)V+0 java.desktop@20.0.1
j  javax.swing.SwingUtilities.invokeLater(Ljava/lang/Runnable;)V+1 java.desktop@20.0.1
j  MyFrame.main([Ljava/lang/String;)V+5
v  ~StubRoutines::call_stub 0x000001be210b10e7

---------------  P R O C E S S  ---------------

Threads class SMR info:
_java_thread_list=0x000001be325f8e70, length=11, elements={
0x000001be11ac6370, 0x000001be2e364fd0, 0x000001be2e365a00, 0x000001be2e36a2c0,
0x000001be2e36acf0, 0x000001be2e36c470, 0x000001be2e36dfe0, 0x000001be2e3756b0,
0x000001be2e37e040, 0x000001be325f1a30, 0x000001be325fcc30
}

Java Threads: ( => current thread )
=>0x000001be11ac6370 JavaThread "main" [_thread_in_vm, id=27064, stack(0x00000077ddf00000,0x00000077de000000)]
  0x000001be2e364fd0 JavaThread "Reference Handler" daemon [_thread_blocked, id=26268, stack(0x00000077de600000,0x00000077de700000)]
  0x000001be2e365a00 JavaThread "Finalizer" daemon [_thread_blocked, id=27116, stack(0x00000077de700000,0x00000077de800000)]
  0x000001be2e36a2c0 JavaThread "Signal Dispatcher" daemon [_thread_blocked, id=27120, stack(0x00000077de800000,0x00000077de900000)]
  0x000001be2e36acf0 JavaThread "Attach Listener" daemon [_thread_blocked, id=27144, stack(0x00000077de900000,0x00000077dea00000)]
  0x000001be2e36c470 JavaThread "Service Thread" daemon [_thread_blocked, id=27152, stack(0x00000077dea00000,0x00000077deb00000)]
  0x000001be2e36dfe0 JavaThread "Monitor Deflation Thread" daemon [_thread_blocked, id=27156, stack(0x00000077deb00000,0x00000077dec00000)]
  0x000001be2e3756b0 JavaThread "C2 CompilerThread0" daemon [_thread_blocked, id=27160, stack(0x00000077dec00000,0x00000077ded00000)]
  0x000001be2e37e040 JavaThread "C1 CompilerThread0" daemon [_thread_blocked, id=27132, stack(0x00000077ded00000,0x00000077dee00000)]
  0x000001be325f1a30 JavaThread "Notification Thread" daemon [_thread_blocked, id=27104, stack(0x00000077dee00000,0x00000077def00000)]
  0x000001be325fcc30 JavaThread "Common-Cleaner" daemon [_thread_blocked, id=27176, stack(0x00000077df000000,0x00000077df100000)]

Other Threads:
  0x000001be2e345cd0 VMThread "VM Thread" [stack: 0x00000077de500000,0x00000077de600000] [id=27100]
  0x000001be325f67b0 WatcherThread "VM Periodic Task Thread" [stack: 0x00000077def00000,0x00000077df000000] [id=27108]
  0x000001be11b26470 WorkerThread "GC Thread#0" [stack: 0x00000077de000000,0x00000077de100000] [id=27072]
  0x000001be11b37620 ConcurrentGCThread "G1 Main Marker" [stack: 0x00000077de100000,0x00000077de200000] [id=27076]
  0x000001be11b38050 WorkerThread "G1 Conc#0" [stack: 0x00000077de200000,0x00000077de300000] [id=27080]
  0x000001be2e1fe130 ConcurrentGCThread "G1 Refine#0" [stack: 0x00000077de300000,0x00000077de400000] [id=27088]
  0x000001be2e1fe880 ConcurrentGCThread "G1 Service" [stack: 0x00000077de400000,0x00000077de500000] [id=27092]

Threads with active compile tasks:

VM state: not at safepoint (normal execution)

VM Mutex/Monitor currently owned by a thread:  ([mutex/lock_event])
[0x000001be11ac1180] Metaspace_lock - owner thread: 0x000001be11ac6370

Heap address: 0x0000000084400000, size: 1980 MB, Compressed Oops mode: 32-bit

CDS archive(s) mapped at: [0x0000000800000000-0x0000000800c60000-0x0000000800c60000), size 12976128, SharedBaseAddress: 0x0000000800000000, ArchiveRelocationMode: 0.
Compressed class space mapped at: 0x0000000801000000-0x0000000841000000, reserved size: 1073741824
Narrow klass base: 0x0000000800000000, Narrow klass shift: 0, Narrow klass range: 0x100000000

GC Precious Log:
 CardTable entry size: 512
 Card Set container configuration: InlinePtr #cards 5 size 8 Array Of Cards #cards 12 size 40 Howl #buckets 4 coarsen threshold 1843 Howl Bitmap #cards 512 size 80 coarsen threshold 460 Card regions per heap region 1 cards per card region 2048
 CPUs: 8 total, 8 available
 Memory: 7915M
 Large Page Support: Disabled
 NUMA Support: Disabled
 Compressed Oops: Enabled (32-bit)
 Heap Region Size: 1M
 Heap Min Capacity: 8M
 Heap Initial Capacity: 124M
 Heap Max Capacity: 1980M
 Pre-touch: Disabled
 Parallel Workers: 8
 Concurrent Workers: 2
 Concurrent Refinement Workers: 8
 Periodic GC: Disabled

Heap:
 garbage-first heap   total 126976K, used 2048K [0x0000000084400000, 0x0000000100000000)
  region size 1024K, 3 young (3072K), 0 survivors (0K)
 Metaspace       used 2155K, committed 2240K, reserved 1114112K
  class space    used 196K, committed 256K, reserved 1048576K

Heap Regions: E=young(eden), S=young(survivor), O=old, HS=humongous(starts), HC=humongous(continues), CS=collection set, F=free, OA=open archive, CA=closed archive, TAMS=top-at-mark-start, PB=parsable bottom
|   0|0x0000000084400000, 0x0000000084400000, 0x0000000084500000|  0%| F|  |TAMS 0x0000000084400000| PB 0x0000000084400000| Untracked 
|   1|0x0000000084500000, 0x0000000084500000, 0x0000000084600000|  0%| F|  |TAMS 0x0000000084500000| PB 0x0000000084500000| Untracked 
|   2|0x0000000084600000, 0x0000000084600000, 0x0000000084700000|  0%| F|  |TAMS 0x0000000084600000| PB 0x0000000084600000| Untracked 
|   3|0x0000000084700000, 0x0000000084700000, 0x0000000084800000|  0%| F|  |TAMS 0x0000000084700000| PB 0x0000000084700000| Untracked 
|   4|0x0000000084800000, 0x0000000084800000, 0x0000000084900000|  0%| F|  |TAMS 0x0000000084800000| PB 0x0000000084800000| Untracked 
|   5|0x0000000084900000, 0x0000000084900000, 0x0000000084a00000|  0%| F|  |TAMS 0x0000000084900000| PB 0x0000000084900000| Untracked 
|   6|0x0000000084a00000, 0x0000000084a00000, 0x0000000084b00000|  0%| F|  |TAMS 0x0000000084a00000| PB 0x0000000084a00000| Untracked 
|   7|0x0000000084b00000, 0x0000000084b00000, 0x0000000084c00000|  0%| F|  |TAMS 0x0000000084b00000| PB 0x0000000084b00000| Untracked 
|   8|0x0000000084c00000, 0x0000000084c00000, 0x0000000084d00000|  0%| F|  |TAMS 0x0000000084c00000| PB 0x0000000084c00000| Untracked 
|   9|0x0000000084d00000, 0x0000000084d00000, 0x0000000084e00000|  0%| F|  |TAMS 0x0000000084d00000| PB 0x0000000084d00000| Untracked 
|  10|0x0000000084e00000, 0x0000000084e00000, 0x0000000084f00000|  0%| F|  |TAMS 0x0000000084e00000| PB 0x0000000084e00000| Untracked 
|  11|0x0000000084f00000, 0x0000000084f00000, 0x0000000085000000|  0%| F|  |TAMS 0x0000000084f00000| PB 0x0000000084f00000| Untracked 
|  12|0x0000000085000000, 0x0000000085000000, 0x0000000085100000|  0%| F|  |TAMS 0x0000000085000000| PB 0x0000000085000000| Untracked 
|  13|0x0000000085100000, 0x0000000085100000, 0x0000000085200000|  0%| F|  |TAMS 0x0000000085100000| PB 0x0000000085100000| Untracked 
|  14|0x0000000085200000, 0x0000000085200000, 0x0000000085300000|  0%| F|  |TAMS 0x0000000085200000| PB 0x0000000085200000| Untracked 
|  15|0x0000000085300000, 0x0000000085300000, 0x0000000085400000|  0%| F|  |TAMS 0x0000000085300000| PB 0x0000000085300000| Untracked 
|  16|0x0000000085400000, 0x0000000085400000, 0x0000000085500000|  0%| F|  |TAMS 0x0000000085400000| PB 0x0000000085400000| Untracked 
|  17|0x0000000085500000, 0x0000000085500000, 0x0000000085600000|  0%| F|  |TAMS 0x0000000085500000| PB 0x0000000085500000| Untracked 
|  18|0x0000000085600000, 0x0000000085600000, 0x0000000085700000|  0%| F|  |TAMS 0x0000000085600000| PB 0x0000000085600000| Untracked 
|  19|0x0000000085700000, 0x0000000085700000, 0x0000000085800000|  0%| F|  |TAMS 0x0000000085700000| PB 0x0000000085700000| Untracked 
|  20|0x0000000085800000, 0x0000000085800000, 0x0000000085900000|  0%| F|  |TAMS 0x0000000085800000| PB 0x0000000085800000| Untracked 
|  21|0x0000000085900000, 0x0000000085900000, 0x0000000085a00000|  0%| F|  |TAMS 0x0000000085900000| PB 0x0000000085900000| Untracked 
|  22|0x0000000085a00000, 0x0000000085a00000, 0x0000000085b00000|  0%| F|  |TAMS 0x0000000085a00000| PB 0x0000000085a00000| Untracked 
|  23|0x0000000085b00000, 0x0000000085b00000, 0x0000000085c00000|  0%| F|  |TAMS 0x0000000085b00000| PB 0x0000000085b00000| Untracked 
|  24|0x0000000085c00000, 0x0000000085c00000, 0x0000000085d00000|  0%| F|  |TAMS 0x0000000085c00000| PB 0x0000000085c00000| Untracked 
|  25|0x0000000085d00000, 0x0000000085d00000, 0x0000000085e00000|  0%| F|  |TAMS 0x0000000085d00000| PB 0x0000000085d00000| Untracked 
|  26|0x0000000085e00000, 0x0000000085e00000, 0x0000000085f00000|  0%| F|  |TAMS 0x0000000085e00000| PB 0x0000000085e00000| Untracked 
|  27|0x0000000085f00000, 0x0000000085f00000, 0x0000000086000000|  0%| F|  |TAMS 0x0000000085f00000| PB 0x0000000085f00000| Untracked 
|  28|0x0000000086000000, 0x0000000086000000, 0x0000000086100000|  0%| F|  |TAMS 0x0000000086000000| PB 0x0000000086000000| Untracked 
|  29|0x0000000086100000, 0x0000000086100000, 0x0000000086200000|  0%| F|  |TAMS 0x0000000086100000| PB 0x0000000086100000| Untracked 
|  30|0x0000000086200000, 0x0000000086200000, 0x0000000086300000|  0%| F|  |TAMS 0x0000000086200000| PB 0x0000000086200000| Untracked 
|  31|0x0000000086300000, 0x0000000086300000, 0x0000000086400000|  0%| F|  |TAMS 0x0000000086300000| PB 0x0000000086300000| Untracked 
|  32|0x0000000086400000, 0x0000000086400000, 0x0000000086500000|  0%| F|  |TAMS 0x0000000086400000| PB 0x0000000086400000| Untracked 
|  33|0x0000000086500000, 0x0000000086500000, 0x0000000086600000|  0%| F|  |TAMS 0x0000000086500000| PB 0x0000000086500000| Untracked 
|  34|0x0000000086600000, 0x0000000086600000, 0x0000000086700000|  0%| F|  |TAMS 0x0000000086600000| PB 0x0000000086600000| Untracked 
|  35|0x0000000086700000, 0x0000000086700000, 0x0000000086800000|  0%| F|  |TAMS 0x0000000086700000| PB 0x0000000086700000| Untracked 
|  36|0x0000000086800000, 0x0000000086800000, 0x0000000086900000|  0%| F|  |TAMS 0x0000000086800000| PB 0x0000000086800000| Untracked 
|  37|0x0000000086900000, 0x0000000086900000, 0x0000000086a00000|  0%| F|  |TAMS 0x0000000086900000| PB 0x0000000086900000| Untracked 
|  38|0x0000000086a00000, 0x0000000086a00000, 0x0000000086b00000|  0%| F|  |TAMS 0x0000000086a00000| PB 0x0000000086a00000| Untracked 
|  39|0x0000000086b00000, 0x0000000086b00000, 0x0000000086c00000|  0%| F|  |TAMS 0x0000000086b00000| PB 0x0000000086b00000| Untracked 
|  40|0x0000000086c00000, 0x0000000086c00000, 0x0000000086d00000|  0%| F|  |TAMS 0x0000000086c00000| PB 0x0000000086c00000| Untracked 
|  41|0x0000000086d00000, 0x0000000086d00000, 0x0000000086e00000|  0%| F|  |TAMS 0x0000000086d00000| PB 0x0000000086d00000| Untracked 
|  42|0x0000000086e00000, 0x0000000086e00000, 0x0000000086f00000|  0%| F|  |TAMS 0x0000000086e00000| PB 0x0000000086e00000| Untracked 
|  43|0x0000000086f00000, 0x0000000086f00000, 0x0000000087000000|  0%| F|  |TAMS 0x0000000086f00000| PB 0x0000000086f00000| Untracked 
|  44|0x0000000087000000, 0x0000000087000000, 0x0000000087100000|  0%| F|  |TAMS 0x0000000087000000| PB 0x0000000087000000| Untracked 
|  45|0x0000000087100000, 0x0000000087100000, 0x0000000087200000|  0%| F|  |TAMS 0x0000000087100000| PB 0x0000000087100000| Untracked 
|  46|0x0000000087200000, 0x0000000087200000, 0x0000000087300000|  0%| F|  |TAMS 0x0000000087200000| PB 0x0000000087200000| Untracked 
|  47|0x0000000087300000, 0x0000000087300000, 0x0000000087400000|  0%| F|  |TAMS 0x0000000087300000| PB 0x0000000087300000| Untracked 
|  48|0x0000000087400000, 0x0000000087400000, 0x0000000087500000|  0%| F|  |TAMS 0x0000000087400000| PB 0x0000000087400000| Untracked 
|  49|0x0000000087500000, 0x0000000087500000, 0x0000000087600000|  0%| F|  |TAMS 0x0000000087500000| PB 0x0000000087500000| Untracked 
|  50|0x0000000087600000, 0x0000000087600000, 0x0000000087700000|  0%| F|  |TAMS 0x0000000087600000| PB 0x0000000087600000| Untracked 
|  51|0x0000000087700000, 0x0000000087700000, 0x0000000087800000|  0%| F|  |TAMS 0x0000000087700000| PB 0x0000000087700000| Untracked 
|  52|0x0000000087800000, 0x0000000087800000, 0x0000000087900000|  0%| F|  |TAMS 0x0000000087800000| PB 0x0000000087800000| Untracked 
|  53|0x0000000087900000, 0x0000000087900000, 0x0000000087a00000|  0%| F|  |TAMS 0x0000000087900000| PB 0x0000000087900000| Untracked 
|  54|0x0000000087a00000, 0x0000000087a00000, 0x0000000087b00000|  0%| F|  |TAMS 0x0000000087a00000| PB 0x0000000087a00000| Untracked 
|  55|0x0000000087b00000, 0x0000000087b00000, 0x0000000087c00000|  0%| F|  |TAMS 0x0000000087b00000| PB 0x0000000087b00000| Untracked 
|  56|0x0000000087c00000, 0x0000000087c00000, 0x0000000087d00000|  0%| F|  |TAMS 0x0000000087c00000| PB 0x0000000087c00000| Untracked 
|  57|0x0000000087d00000, 0x0000000087d00000, 0x0000000087e00000|  0%| F|  |TAMS 0x0000000087d00000| PB 0x0000000087d00000| Untracked 
|  58|0x0000000087e00000, 0x0000000087e00000, 0x0000000087f00000|  0%| F|  |TAMS 0x0000000087e00000| PB 0x0000000087e00000| Untracked 
|  59|0x0000000087f00000, 0x0000000087f00000, 0x0000000088000000|  0%| F|  |TAMS 0x0000000087f00000| PB 0x0000000087f00000| Untracked 
|  60|0x0000000088000000, 0x0000000088000000, 0x0000000088100000|  0%| F|  |TAMS 0x0000000088000000| PB 0x0000000088000000| Untracked 
|  61|0x0000000088100000, 0x0000000088100000, 0x0000000088200000|  0%| F|  |TAMS 0x0000000088100000| PB 0x0000000088100000| Untracked 
|  62|0x0000000088200000, 0x0000000088200000, 0x0000000088300000|  0%| F|  |TAMS 0x0000000088200000| PB 0x0000000088200000| Untracked 
|  63|0x0000000088300000, 0x0000000088300000, 0x0000000088400000|  0%| F|  |TAMS 0x0000000088300000| PB 0x0000000088300000| Untracked 
|  64|0x0000000088400000, 0x0000000088400000, 0x0000000088500000|  0%| F|  |TAMS 0x0000000088400000| PB 0x0000000088400000| Untracked 
|  65|0x0000000088500000, 0x0000000088500000, 0x0000000088600000|  0%| F|  |TAMS 0x0000000088500000| PB 0x0000000088500000| Untracked 
|  66|0x0000000088600000, 0x0000000088600000, 0x0000000088700000|  0%| F|  |TAMS 0x0000000088600000| PB 0x0000000088600000| Untracked 
|  67|0x0000000088700000, 0x0000000088700000, 0x0000000088800000|  0%| F|  |TAMS 0x0000000088700000| PB 0x0000000088700000| Untracked 
|  68|0x0000000088800000, 0x0000000088800000, 0x0000000088900000|  0%| F|  |TAMS 0x0000000088800000| PB 0x0000000088800000| Untracked 
|  69|0x0000000088900000, 0x0000000088900000, 0x0000000088a00000|  0%| F|  |TAMS 0x0000000088900000| PB 0x0000000088900000| Untracked 
|  70|0x0000000088a00000, 0x0000000088a00000, 0x0000000088b00000|  0%| F|  |TAMS 0x0000000088a00000| PB 0x0000000088a00000| Untracked 
|  71|0x0000000088b00000, 0x0000000088b00000, 0x0000000088c00000|  0%| F|  |TAMS 0x0000000088b00000| PB 0x0000000088b00000| Untracked 
|  72|0x0000000088c00000, 0x0000000088c00000, 0x0000000088d00000|  0%| F|  |TAMS 0x0000000088c00000| PB 0x0000000088c00000| Untracked 
|  73|0x0000000088d00000, 0x0000000088d00000, 0x0000000088e00000|  0%| F|  |TAMS 0x0000000088d00000| PB 0x0000000088d00000| Untracked 
|  74|0x0000000088e00000, 0x0000000088e00000, 0x0000000088f00000|  0%| F|  |TAMS 0x0000000088e00000| PB 0x0000000088e00000| Untracked 
|  75|0x0000000088f00000, 0x0000000088f00000, 0x0000000089000000|  0%| F|  |TAMS 0x0000000088f00000| PB 0x0000000088f00000| Untracked 
|  76|0x0000000089000000, 0x0000000089000000, 0x0000000089100000|  0%| F|  |TAMS 0x0000000089000000| PB 0x0000000089000000| Untracked 
|  77|0x0000000089100000, 0x0000000089100000, 0x0000000089200000|  0%| F|  |TAMS 0x0000000089100000| PB 0x0000000089100000| Untracked 
|  78|0x0000000089200000, 0x0000000089200000, 0x0000000089300000|  0%| F|  |TAMS 0x0000000089200000| PB 0x0000000089200000| Untracked 
|  79|0x0000000089300000, 0x0000000089300000, 0x0000000089400000|  0%| F|  |TAMS 0x0000000089300000| PB 0x0000000089300000| Untracked 
|  80|0x0000000089400000, 0x0000000089400000, 0x0000000089500000|  0%| F|  |TAMS 0x0000000089400000| PB 0x0000000089400000| Untracked 
|  81|0x0000000089500000, 0x0000000089500000, 0x0000000089600000|  0%| F|  |TAMS 0x0000000089500000| PB 0x0000000089500000| Untracked 
|  82|0x0000000089600000, 0x0000000089600000, 0x0000000089700000|  0%| F|  |TAMS 0x0000000089600000| PB 0x0000000089600000| Untracked 
|  83|0x0000000089700000, 0x0000000089700000, 0x0000000089800000|  0%| F|  |TAMS 0x0000000089700000| PB 0x0000000089700000| Untracked 
|  84|0x0000000089800000, 0x0000000089800000, 0x0000000089900000|  0%| F|  |TAMS 0x0000000089800000| PB 0x0000000089800000| Untracked 
|  85|0x0000000089900000, 0x0000000089900000, 0x0000000089a00000|  0%| F|  |TAMS 0x0000000089900000| PB 0x0000000089900000| Untracked 
|  86|0x0000000089a00000, 0x0000000089a00000, 0x0000000089b00000|  0%| F|  |TAMS 0x0000000089a00000| PB 0x0000000089a00000| Untracked 
|  87|0x0000000089b00000, 0x0000000089b00000, 0x0000000089c00000|  0%| F|  |TAMS 0x0000000089b00000| PB 0x0000000089b00000| Untracked 
|  88|0x0000000089c00000, 0x0000000089c00000, 0x0000000089d00000|  0%| F|  |TAMS 0x0000000089c00000| PB 0x0000000089c00000| Untracked 
|  89|0x0000000089d00000, 0x0000000089d00000, 0x0000000089e00000|  0%| F|  |TAMS 0x0000000089d00000| PB 0x0000000089d00000| Untracked 
|  90|0x0000000089e00000, 0x0000000089e00000, 0x0000000089f00000|  0%| F|  |TAMS 0x0000000089e00000| PB 0x0000000089e00000| Untracked 
|  91|0x0000000089f00000, 0x0000000089f00000, 0x000000008a000000|  0%| F|  |TAMS 0x0000000089f00000| PB 0x0000000089f00000| Untracked 
|  92|0x000000008a000000, 0x000000008a000000, 0x000000008a100000|  0%| F|  |TAMS 0x000000008a000000| PB 0x000000008a000000| Untracked 
|  93|0x000000008a100000, 0x000000008a100000, 0x000000008a200000|  0%| F|  |TAMS 0x000000008a100000| PB 0x000000008a100000| Untracked 
|  94|0x000000008a200000, 0x000000008a200000, 0x000000008a300000|  0%| F|  |TAMS 0x000000008a200000| PB 0x000000008a200000| Untracked 
|  95|0x000000008a300000, 0x000000008a300000, 0x000000008a400000|  0%| F|  |TAMS 0x000000008a300000| PB 0x000000008a300000| Untracked 
|  96|0x000000008a400000, 0x000000008a400000, 0x000000008a500000|  0%| F|  |TAMS 0x000000008a400000| PB 0x000000008a400000| Untracked 
|  97|0x000000008a500000, 0x000000008a500000, 0x000000008a600000|  0%| F|  |TAMS 0x000000008a500000| PB 0x000000008a500000| Untracked 
|  98|0x000000008a600000, 0x000000008a600000, 0x000000008a700000|  0%| F|  |TAMS 0x000000008a600000| PB 0x000000008a600000| Untracked 
|  99|0x000000008a700000, 0x000000008a700000, 0x000000008a800000|  0%| F|  |TAMS 0x000000008a700000| PB 0x000000008a700000| Untracked 
| 100|0x000000008a800000, 0x000000008a800000, 0x000000008a900000|  0%| F|  |TAMS 0x000000008a800000| PB 0x000000008a800000| Untracked 
| 101|0x000000008a900000, 0x000000008a900000, 0x000000008aa00000|  0%| F|  |TAMS 0x000000008a900000| PB 0x000000008a900000| Untracked 
| 102|0x000000008aa00000, 0x000000008aa00000, 0x000000008ab00000|  0%| F|  |TAMS 0x000000008aa00000| PB 0x000000008aa00000| Untracked 
| 103|0x000000008ab00000, 0x000000008ab00000, 0x000000008ac00000|  0%| F|  |TAMS 0x000000008ab00000| PB 0x000000008ab00000| Untracked 
| 104|0x000000008ac00000, 0x000000008ac00000, 0x000000008ad00000|  0%| F|  |TAMS 0x000000008ac00000| PB 0x000000008ac00000| Untracked 
| 105|0x000000008ad00000, 0x000000008ad00000, 0x000000008ae00000|  0%| F|  |TAMS 0x000000008ad00000| PB 0x000000008ad00000| Untracked 
| 106|0x000000008ae00000, 0x000000008ae00000, 0x000000008af00000|  0%| F|  |TAMS 0x000000008ae00000| PB 0x000000008ae00000| Untracked 
| 107|0x000000008af00000, 0x000000008af00000, 0x000000008b000000|  0%| F|  |TAMS 0x000000008af00000| PB 0x000000008af00000| Untracked 
| 108|0x000000008b000000, 0x000000008b000000, 0x000000008b100000|  0%| F|  |TAMS 0x000000008b000000| PB 0x000000008b000000| Untracked 
| 109|0x000000008b100000, 0x000000008b100000, 0x000000008b200000|  0%| F|  |TAMS 0x000000008b100000| PB 0x000000008b100000| Untracked 
| 110|0x000000008b200000, 0x000000008b200000, 0x000000008b300000|  0%| F|  |TAMS 0x000000008b200000| PB 0x000000008b200000| Untracked 
| 111|0x000000008b300000, 0x000000008b300000, 0x000000008b400000|  0%| F|  |TAMS 0x000000008b300000| PB 0x000000008b300000| Untracked 
| 112|0x000000008b400000, 0x000000008b400000, 0x000000008b500000|  0%| F|  |TAMS 0x000000008b400000| PB 0x000000008b400000| Untracked 
| 113|0x000000008b500000, 0x000000008b500000, 0x000000008b600000|  0%| F|  |TAMS 0x000000008b500000| PB 0x000000008b500000| Untracked 
| 114|0x000000008b600000, 0x000000008b600000, 0x000000008b700000|  0%| F|  |TAMS 0x000000008b600000| PB 0x000000008b600000| Untracked 
| 115|0x000000008b700000, 0x000000008b700000, 0x000000008b800000|  0%| F|  |TAMS 0x000000008b700000| PB 0x000000008b700000| Untracked 
| 116|0x000000008b800000, 0x000000008b800000, 0x000000008b900000|  0%| F|  |TAMS 0x000000008b800000| PB 0x000000008b800000| Untracked 
| 117|0x000000008b900000, 0x000000008b900000, 0x000000008ba00000|  0%| F|  |TAMS 0x000000008b900000| PB 0x000000008b900000| Untracked 
| 118|0x000000008ba00000, 0x000000008ba00000, 0x000000008bb00000|  0%| F|  |TAMS 0x000000008ba00000| PB 0x000000008ba00000| Untracked 
| 119|0x000000008bb00000, 0x000000008bb00000, 0x000000008bc00000|  0%| F|  |TAMS 0x000000008bb00000| PB 0x000000008bb00000| Untracked 
| 120|0x000000008bc00000, 0x000000008bc00000, 0x000000008bd00000|  0%| F|  |TAMS 0x000000008bc00000| PB 0x000000008bc00000| Untracked 
| 121|0x000000008bd00000, 0x000000008bd76458, 0x000000008be00000| 46%| E|  |TAMS 0x000000008bd00000| PB 0x000000008bd00000| Complete 
| 122|0x000000008be00000, 0x000000008bf00000, 0x000000008bf00000|100%| E|CS|TAMS 0x000000008be00000| PB 0x000000008be00000| Complete 
| 123|0x000000008bf00000, 0x000000008c000000, 0x000000008c000000|100%| E|CS|TAMS 0x000000008bf00000| PB 0x000000008bf00000| Complete 

Card table byte_map: [0x000001be29290000,0x000001be29670000] _byte_map_base: 0x000001be28e6e000

Marking Bits: (CMBitMap*) 0x000001be11b26aa0
 Bits: [0x000001be29a50000, 0x000001be2b940000)

Polling page: 0x000001be11290000

Metaspace:

Usage:
  Non-class:      1.91 MB used.
      Class:    196.72 KB used.
       Both:      2.11 MB used.

Virtual space:
  Non-class space:       64.00 MB reserved,       1.94 MB (  3%) committed,  1 nodes.
      Class space:        1.00 GB reserved,     256.00 KB ( <1%) committed,  1 nodes.
             Both:        1.06 GB reserved,       2.19 MB ( <1%) committed. 

Chunk freelists:
   Non-Class:  3.94 MB
       Class:  3.71 MB
        Both:  7.65 MB

MaxMetaspaceSize: unlimited
CompressedClassSpaceSize: 1.00 GB
Initial GC threshold: 21.00 MB
Current GC threshold: 21.00 MB
CDS: on
MetaspaceReclaimPolicy: balanced
 - commit_granule_bytes: 65536.
 - commit_granule_words: 8192.
 - virtual_space_node_default_size: 8388608.
 - enlarge_chunks_in_place: 1.
 - new_chunks_are_fully_committed: 0.
 - uncommit_free_chunks: 1.
 - use_allocation_guard: 0.


Internal statistics:

num_allocs_failed_limit: 0.
num_arena_births: 58.
num_arena_deaths: 0.
num_vsnodes_births: 2.
num_vsnodes_deaths: 0.
num_space_committed: 35.
num_space_uncommitted: 0.
num_chunks_returned_to_freelist: 0.
num_chunks_taken_from_freelist: 69.
num_chunk_merges: 0.
num_chunk_splits: 41.
num_chunks_enlarged: 16.
num_inconsistent_stats: 0.

CodeHeap 'non-profiled nmethods': size=120000Kb used=80Kb max_used=80Kb free=119919Kb
 bounds [0x000001be21650000, 0x000001be218c0000, 0x000001be28b80000]
CodeHeap 'profiled nmethods': size=120000Kb used=273Kb max_used=273Kb free=119726Kb
 bounds [0x000001be19b80000, 0x000001be19df0000, 0x000001be210b0000]
CodeHeap 'non-nmethods': size=5760Kb used=1493Kb max_used=1493Kb free=4266Kb
 bounds [0x000001be210b0000, 0x000001be21320000, 0x000001be21650000]
 total_blobs=673 nmethods=235 adapters=349
 compilation: enabled
              stopped_count=0, restarted_count=0
 full_count=0

Compilation events (20 events):
Event: 0.099 Thread 0x000001be2e37e040  211       1       java.lang.invoke.LambdaForm$Name::type (5 bytes)
Event: 0.099 Thread 0x000001be2e37e040 nmethod 211 0x000001be21663090 code [0x000001be21663200, 0x000001be216632c8]
Event: 0.099 Thread 0x000001be2e37e040  213       3       jdk.internal.util.Preconditions::checkFromToIndex (24 bytes)
Event: 0.099 Thread 0x000001be2e37e040 nmethod 213 0x000001be19bbef90 code [0x000001be19bbf120, 0x000001be19bbf300]
Event: 0.099 Thread 0x000001be2e37e040  226       3       jdk.internal.org.objectweb.asm.Frame::getLocal (46 bytes)
Event: 0.099 Thread 0x000001be2e37e040 nmethod 226 0x000001be19bbf410 code [0x000001be19bbf5a0, 0x000001be19bbf7d0]
Event: 0.099 Thread 0x000001be2e37e040  230       3       jdk.internal.org.objectweb.asm.SymbolTable::addType (81 bytes)
Event: 0.099 Thread 0x000001be2e37e040 nmethod 230 0x000001be19bbf890 code [0x000001be19bbfa80, 0x000001be19bbffd0]
Event: 0.100 Thread 0x000001be2e37e040  227       3       java.lang.invoke.InvokerBytecodeGenerator::emitImplicitConversion (161 bytes)
Event: 0.100 Thread 0x000001be2e37e040 nmethod 227 0x000001be19bc0290 code [0x000001be19bc0580, 0x000001be19bc1350]
Event: 0.100 Thread 0x000001be2e37e040  225   !   3       java.lang.invoke.MemberName::getMethodType (211 bytes)
Event: 0.101 Thread 0x000001be2e37e040 nmethod 225 0x000001be19bc1810 code [0x000001be19bc1ac0, 0x000001be19bc2ed0]
Event: 0.101 Thread 0x000001be2e37e040  229       3       jdk.internal.org.objectweb.asm.Frame::pop (42 bytes)
Event: 0.101 Thread 0x000001be2e37e040 nmethod 229 0x000001be19bc3410 code [0x000001be19bc35a0, 0x000001be19bc3760]
Event: 0.101 Thread 0x000001be2e37e040  231       3       java.lang.StringBuilder::length (5 bytes)
Event: 0.101 Thread 0x000001be2e37e040 nmethod 231 0x000001be19bc3810 code [0x000001be19bc39a0, 0x000001be19bc3ac8]
Event: 0.104 Thread 0x000001be2e37e040  233       3       java.lang.Enum::<init> (15 bytes)
Event: 0.104 Thread 0x000001be2e37e040 nmethod 233 0x000001be19bc3b90 code [0x000001be19bc3d20, 0x000001be19bc3ee0]
Event: 0.111 Thread 0x000001be2e37e040  235       3       jdk.internal.org.objectweb.asm.ByteVector::putInt (74 bytes)
Event: 0.111 Thread 0x000001be2e37e040 nmethod 235 0x000001be19bc3f90 code [0x000001be19bc4140, 0x000001be19bc4398]

GC Heap History (0 events):
No events

Dll operation events (4 events):
Event: 0.008 Loaded shared library C:\Program Files\Java\jdk-20\bin\java.dll
Event: 0.020 Loaded shared library C:\Program Files\Java\jdk-20\bin\jsvml.dll
Event: 0.070 Loaded shared library C:\Program Files\Java\jdk-20\bin\jimage.dll
Event: 0.086 Loaded shared library C:\Program Files\Java\jdk-20\bin\awt.dll

Deoptimization events (0 events):
No events

Classes loaded (20 events):
Event: 0.114 Loading class sun/java2d/pipe/SpanClipRenderer
Event: 0.114 Loading class sun/java2d/pipe/SpanClipRenderer done
Event: 0.114 Loading class sun/java2d/pipe/Region
Event: 0.115 Loading class sun/java2d/pipe/Region done
Event: 0.115 Loading class sun/java2d/pipe/RegionIterator
Event: 0.115 Loading class sun/java2d/pipe/RegionIterator done
Event: 0.115 Loading class sun/java2d/pipe/AAShapePipe
Event: 0.115 Loading class sun/java2d/pipe/AAShapePipe done
Event: 0.115 Loading class sun/java2d/pipe/AAShapePipe$1
Event: 0.115 Loading class sun/java2d/pipe/AAShapePipe$1 done
Event: 0.115 Loading class sun/java2d/pipe/AlphaPaintPipe
Event: 0.115 Loading class sun/java2d/pipe/AlphaPaintPipe done
Event: 0.115 Loading class sun/java2d/pipe/SpanShapeRenderer$Composite
Event: 0.115 Loading class sun/java2d/pipe/SpanShapeRenderer
Event: 0.115 Loading class sun/java2d/pipe/SpanShapeRenderer done
Event: 0.115 Loading class sun/java2d/pipe/SpanShapeRenderer$Composite done
Event: 0.115 Loading class sun/java2d/pipe/GeneralCompositePipe
Event: 0.115 Loading class sun/java2d/pipe/GeneralCompositePipe done
Event: 0.115 Loading class sun/java2d/pipe/DrawImage
Event: 0.115 Loading class sun/java2d/pipe/DrawImage done

Classes unloaded (0 events):
No events

Classes redefined (0 events):
No events

Internal exceptions (3 events):
Event: 0.076 Thread 0x000001be11ac6370 Exception <a 'java/lang/ClassNotFoundException'{0x000000008be4b798}: sun/awt/resources/spi/awtProvider> (0x000000008be4b798) 
thrown [s\open\src\hotspot\share\classfile\systemDictionary.cpp, line 305]
Event: 0.094 Thread 0x000001be11ac6370 Exception <a 'java/io/FileNotFoundException'{0x000000008bd1cb48}> (0x000000008bd1cb48) 
thrown [s\open\src\hotspot\share\prims\jni.cpp, line 519]
Event: 0.099 Thread 0x000001be11ac6370 Exception <a 'java/io/FileNotFoundException'{0x000000008bd46b08}> (0x000000008bd46b08) 
thrown [s\open\src\hotspot\share\prims\jni.cpp, line 519]

VM Operations (0 events):
No events

Events (11 events):
Event: 0.020 Thread 0x000001be11ac6370 Thread added: 0x000001be11ac6370
Event: 0.036 Thread 0x000001be2e364fd0 Thread added: 0x000001be2e364fd0
Event: 0.036 Thread 0x000001be2e365a00 Thread added: 0x000001be2e365a00
Event: 0.037 Thread 0x000001be2e36a2c0 Thread added: 0x000001be2e36a2c0
Event: 0.037 Thread 0x000001be2e36acf0 Thread added: 0x000001be2e36acf0
Event: 0.037 Thread 0x000001be2e36c470 Thread added: 0x000001be2e36c470
Event: 0.037 Thread 0x000001be2e36dfe0 Thread added: 0x000001be2e36dfe0
Event: 0.037 Thread 0x000001be2e3756b0 Thread added: 0x000001be2e3756b0
Event: 0.037 Thread 0x000001be2e37e040 Thread added: 0x000001be2e37e040
Event: 0.053 Thread 0x000001be325f1a30 Thread added: 0x000001be325f1a30
Event: 0.056 Thread 0x000001be325fcc30 Thread added: 0x000001be325fcc30


Dynamic libraries:
0x00007ff678b20000 - 0x00007ff678b30000 	C:\Program Files\Java\jdk-20\bin\javaw.exe
0x00007ffaf8c90000 - 0x00007ffaf8ea4000 	C:\WINDOWS\SYSTEM32\ntdll.dll
0x00007ffaf8140000 - 0x00007ffaf8202000 	C:\WINDOWS\System32\KERNEL32.DLL
0x00007ffaf6440000 - 0x00007ffaf67e3000 	C:\WINDOWS\System32\KERNELBASE.dll
0x00007ffaf6320000 - 0x00007ffaf6431000 	C:\WINDOWS\System32\ucrtbase.dll
0x00007ffaec910000 - 0x00007ffaec92b000 	C:\Program Files\Java\jdk-20\bin\VCRUNTIME140.dll
0x00007ffaec930000 - 0x00007ffaec949000 	C:\Program Files\Java\jdk-20\bin\jli.dll
0x00007ffaf6a70000 - 0x00007ffaf6b1e000 	C:\WINDOWS\System32\ADVAPI32.dll
0x00007ffaf86b0000 - 0x00007ffaf8757000 	C:\WINDOWS\System32\msvcrt.dll
0x00007ffaf8210000 - 0x00007ffaf82b4000 	C:\WINDOWS\System32\sechost.dll
0x00007ffaf7530000 - 0x00007ffaf7647000 	C:\WINDOWS\System32\RPCRT4.dll
0x00007ffaf7eb0000 - 0x00007ffaf805b000 	C:\WINDOWS\System32\USER32.dll
0x00007ffaf6a40000 - 0x00007ffaf6a66000 	C:\WINDOWS\System32\win32u.dll
0x00007ffae3070000 - 0x00007ffae32fe000 	C:\WINDOWS\WinSxS\amd64_microsoft.windows.common-controls_6595b64144ccf1df_6.0.22621.1635_none_270f70857386168e\COMCTL32.dll
0x00007ffaf7500000 - 0x00007ffaf7529000 	C:\WINDOWS\System32\GDI32.dll
0x00007ffaf67f0000 - 0x00007ffaf6909000 	C:\WINDOWS\System32\gdi32full.dll
0x00007ffaf6280000 - 0x00007ffaf631a000 	C:\WINDOWS\System32\msvcp_win.dll
0x00007ffae8120000 - 0x00007ffae812a000 	C:\WINDOWS\SYSTEM32\VERSION.dll
0x00007ffaf7650000 - 0x00007ffaf7681000 	C:\WINDOWS\System32\IMM32.DLL
0x00007ffaeafc0000 - 0x00007ffaeafcc000 	C:\Program Files\Java\jdk-20\bin\vcruntime140_1.dll
0x00007ffa80cb0000 - 0x00007ffa80d3e000 	C:\Program Files\Java\jdk-20\bin\msvcp140.dll
0x00007ffa80010000 - 0x00007ffa80ca7000 	C:\Program Files\Java\jdk-20\bin\server\jvm.dll
0x00007ffad3a30000 - 0x00007ffad3a39000 	C:\WINDOWS\SYSTEM32\WSOCK32.dll
0x00007ffaf84c0000 - 0x00007ffaf8531000 	C:\WINDOWS\System32\WS2_32.dll
0x00007ffaeaf50000 - 0x00007ffaeaf84000 	C:\WINDOWS\SYSTEM32\WINMM.dll
0x00007ffaf51d0000 - 0x00007ffaf51e8000 	C:\WINDOWS\SYSTEM32\kernel.appcore.dll
0x00007ffaeafb0000 - 0x00007ffaeafba000 	C:\Program Files\Java\jdk-20\bin\jimage.dll
0x00007ffaf3a80000 - 0x00007ffaf3cae000 	C:\WINDOWS\SYSTEM32\DBGHELP.DLL
0x00007ffaf8760000 - 0x00007ffaf8ae9000 	C:\WINDOWS\System32\combase.dll
0x00007ffaf8060000 - 0x00007ffaf8137000 	C:\WINDOWS\System32\OLEAUT32.dll
0x00007ffad3a40000 - 0x00007ffad3a72000 	C:\WINDOWS\SYSTEM32\dbgcore.DLL
0x00007ffaf6090000 - 0x00007ffaf610b000 	C:\WINDOWS\System32\bcryptPrimitives.dll
0x00007ffa99220000 - 0x00007ffa99246000 	C:\Program Files\Java\jdk-20\bin\java.dll
0x00007ffa7ff30000 - 0x00007ffa80007000 	C:\Program Files\Java\jdk-20\bin\jsvml.dll
0x00007ffaf7690000 - 0x00007ffaf7e8a000 	C:\WINDOWS\System32\SHELL32.dll
0x00007ffaf4090000 - 0x00007ffaf495e000 	C:\WINDOWS\SYSTEM32\windows.storage.dll
0x00007ffaf3f50000 - 0x00007ffaf408e000 	C:\WINDOWS\SYSTEM32\wintypes.dll
0x00007ffaf82c0000 - 0x00007ffaf83b1000 	C:\WINDOWS\System32\SHCORE.dll
0x00007ffaf8640000 - 0x00007ffaf869e000 	C:\WINDOWS\System32\shlwapi.dll
0x00007ffaf5fc0000 - 0x00007ffaf5fe1000 	C:\WINDOWS\SYSTEM32\profapi.dll
0x00007ffad2fa0000 - 0x00007ffad3131000 	C:\Program Files\Java\jdk-20\bin\awt.dll
0x00007ffaf2db0000 - 0x00007ffaf2e47000 	C:\WINDOWS\SYSTEM32\apphelp.dll

dbghelp: loaded successfully - version: 4.0.5 - missing functions: none
symbol engine: initialized successfully - sym options: 0x614 - pdb path: .;C:\Program Files\Java\jdk-20\bin;C:\WINDOWS\SYSTEM32;C:\WINDOWS\WinSxS\amd64_microsoft.windows.common-controls_6595b64144ccf1df_6.0.22621.1635_none_270f70857386168e;C:\Program Files\Java\jdk-20\bin\server

VM Arguments:
jvm_args: -Dfile.encoding=UTF-8 -XX:+ShowCodeDetailsInExceptionMessages 
java_command: MyFrame
java_class_path (initial): C:\Users\mahme\eclipse-workspace\Feed Forward\bin
Launcher Type: SUN_STANDARD

[Global flags]
     intx CICompilerCount                          = 4                                         {product} {ergonomic}
     uint ConcGCThreads                            = 2                                         {product} {ergonomic}
     uint G1ConcRefinementThreads                  = 8                                         {product} {ergonomic}
   size_t G1HeapRegionSize                         = 1048576                                   {product} {ergonomic}
    uintx GCDrainStackTargetSize                   = 64                                        {product} {ergonomic}
   size_t InitialHeapSize                          = 130023424                                 {product} {ergonomic}
   size_t MarkStackSize                            = 4194304                                   {product} {ergonomic}
   size_t MaxHeapSize                              = 2076180480                                {product} {ergonomic}
   size_t MaxNewSize                               = 1245708288                                {product} {ergonomic}
   size_t MinHeapDeltaBytes                        = 1048576                                   {product} {ergonomic}
   size_t MinHeapSize                              = 8388608                                   {product} {ergonomic}
    uintx NonNMethodCodeHeapSize                   = 5839372                                {pd product} {ergonomic}
    uintx NonProfiledCodeHeapSize                  = 122909434                              {pd product} {ergonomic}
    uintx ProfiledCodeHeapSize                     = 122909434                              {pd product} {ergonomic}
    uintx ReservedCodeCacheSize                    = 251658240                              {pd product} {ergonomic}
     bool SegmentedCodeCache                       = true                                      {product} {ergonomic}
     bool ShowCodeDetailsInExceptionMessages       = true                                   {manageable} {command line}
   size_t SoftMaxHeapSize                          = 2076180480                             {manageable} {ergonomic}
     bool UseCompressedClassPointers               = true                           {product lp64_product} {ergonomic}
     bool UseCompressedOops                        = true                           {product lp64_product} {ergonomic}
     bool UseG1GC                                  = true                                      {product} {ergonomic}
     bool UseLargePagesIndividualAllocation        = false                                  {pd product} {ergonomic}

Logging:
Log output configuration:
 #0: stdout all=warning uptime,level,tags foldmultilines=false
 #1: stderr all=off uptime,level,tags foldmultilines=false

Environment Variables:
PATH=C:\Program Files\Common Files\Oracle\Java\javapath;C:\Program Files\Eclipse Adoptium\jdk-17.0.7.7-hotspot\bin;C:\Program Files (x86)\Common Files\Oracle\Java\javapath;C:\Program Files (x86)\Common Files\Intel\Shared Libraries\redist\intel64\compiler;C:\ProgramData\Oracle\Java\javapath;C:\WINDOWS\system32;C:\WINDOWS;C:\WINDOWS\System32\Wbem;C:\WINDOWS\System32\WindowsPowerShell\v1.0\;C:\WINDOWS\System32\OpenSSH\;C:\Program Files\dotnet\;C:\Users\mahme\AppData\Local\Microsoft\WindowsApps;;C:\Users\mahme\AppData\Local\Programs\Microsoft VS Code\bin
USERNAME=mahme
OS=Windows_NT
PROCESSOR_IDENTIFIER=Intel64 Family 6 Model 140 Stepping 1, GenuineIntel
TMP=C:\Users\mahme\AppData\Local\Temp
TEMP=C:\Users\mahme\AppData\Local\Temp




---------------  S Y S T E M  ---------------

OS:
 Windows 11 , 64 bit Build 22621 (10.0.22621.1778)
OS uptime: 0 days 5:15 hours

CPU: total 8 (initial active 8) (4 cores per cpu, 2 threads per core) family 6 model 140 stepping 1 microcode 0xa4, cx8, cmov, fxsr, ht, mmx, 3dnowpref, sse, sse2, sse3, ssse3, sse4.1, sse4.2, popcnt, lzcnt, tsc, tscinvbit, avx, avx2, aes, erms, clmul, bmi1, bmi2, adx, avx512f, avx512dq, avx512cd, avx512bw, avx512vl, sha, fma, vzeroupper, avx512_vpopcntdq, avx512_vpclmulqdq, avx512_vaes, avx512_vnni, clflush, clflushopt, clwb, avx512_vbmi2, avx512_vbmi, rdtscp, rdpid, fsrm, gfni, avx512_bitalg, f16c, pku, cet_ibt, cet_ss, avx512_ifma

Memory: 4k page, system-wide physical 7915M (247M free)
TotalPageFile size 32491M (AvailPageFile size 4M)
current process WorkingSet (physical memory assigned to process): 37M, peak: 37M
current process commit charge ("private bytes"): 208M, peak: 208M

vm_info: Java HotSpot(TM) 64-Bit Server VM (20.0.1+9-29) for windows-amd64 JRE (20.0.1+9-29), built on 2023-03-07T13:56:11Z by "mach5one" with MS VC++ 17.1 (VS2022)

END.
